c:\users\kevin ho\documents\cs450 homework\cs_450_548_assign04_files\build\assignment04.dir\debug\vc141.pdb
c:\users\kevin ho\documents\cs450 homework\cs_450_548_assign04_files\build\assignment04.dir\debug\sphere.obj
c:\users\kevin ho\documents\cs450 homework\cs_450_548_assign04_files\build\assignment04.dir\debug\scene.obj
c:\users\kevin ho\documents\cs450 homework\cs_450_548_assign04_files\build\assignment04.dir\debug\raytracer.obj
c:\users\kevin ho\documents\cs450 homework\cs_450_548_assign04_files\build\assignment04.dir\debug\material.obj
c:\users\kevin ho\documents\cs450 homework\cs_450_548_assign04_files\build\assignment04.dir\debug\light.obj
c:\users\kevin ho\documents\cs450 homework\cs_450_548_assign04_files\build\assignment04.dir\debug\hitrecord.obj
c:\users\kevin ho\documents\cs450 homework\cs_450_548_assign04_files\build\cmakefiles\generate.stamp
c:\users\kevin ho\documents\cs450 homework\cs_450_548_assign04_files\build\debug\assignment04.exe
c:\users\kevin ho\documents\cs450 homework\cs_450_548_assign04_files\build\debug\assignment04.ilk
c:\users\kevin ho\documents\cs450 homework\cs_450_548_assign04_files\build\debug\assignment04.pdb
c:\users\kevin ho\documents\cs450 homework\cs_450_548_assign04_files\build\assignment04.dir\debug\assignment04.tlog\cl.command.1.tlog
c:\users\kevin ho\documents\cs450 homework\cs_450_548_assign04_files\build\assignment04.dir\debug\assignment04.tlog\cl.read.1.tlog
c:\users\kevin ho\documents\cs450 homework\cs_450_548_assign04_files\build\assignment04.dir\debug\assignment04.tlog\cl.write.1.tlog
c:\users\kevin ho\documents\cs450 homework\cs_450_548_assign04_files\build\assignment04.dir\debug\assignment04.tlog\custombuild.command.1.tlog
c:\users\kevin ho\documents\cs450 homework\cs_450_548_assign04_files\build\assignment04.dir\debug\assignment04.tlog\custombuild.read.1.tlog
c:\users\kevin ho\documents\cs450 homework\cs_450_548_assign04_files\build\assignment04.dir\debug\assignment04.tlog\custombuild.write.1.tlog
c:\users\kevin ho\documents\cs450 homework\cs_450_548_assign04_files\build\assignment04.dir\debug\assignment04.tlog\link.command.1.tlog
c:\users\kevin ho\documents\cs450 homework\cs_450_548_assign04_files\build\assignment04.dir\debug\assignment04.tlog\link.read.1.tlog
c:\users\kevin ho\documents\cs450 homework\cs_450_548_assign04_files\build\assignment04.dir\debug\assignment04.tlog\link.write.1.tlog
