c:\users\kevin ho\documents\cs450 homework\cs_450_548_assign05_files\build\assignment05.dir\debug\vc141.pdb
c:\users\kevin ho\documents\cs450 homework\cs_450_548_assign05_files\build\assignment05.dir\debug\testmain.obj
c:\users\kevin ho\documents\cs450 homework\cs_450_548_assign05_files\build\assignment05.dir\debug\object.obj
c:\users\kevin ho\documents\cs450 homework\cs_450_548_assign05_files\build\assignment05.dir\debug\meshshader.obj
c:\users\kevin ho\documents\cs450 homework\cs_450_548_assign05_files\build\assignment05.dir\debug\light.obj
c:\users\kevin ho\documents\cs450 homework\cs_450_548_assign05_files\build\assignment05.dir\debug\meshmaterial.obj
c:\users\kevin ho\documents\cs450 homework\cs_450_548_assign05_files\build\assignment05.dir\debug\camera.obj
c:\users\kevin ho\documents\cs450 homework\cs_450_548_assign05_files\build\cmakefiles\generate.stamp
c:\users\kevin ho\documents\cs450 homework\cs_450_548_assign05_files\build\debug\assignment05.exe
c:\users\kevin ho\documents\cs450 homework\cs_450_548_assign05_files\build\debug\assignment05.ilk
c:\users\kevin ho\documents\cs450 homework\cs_450_548_assign05_files\build\debug\assignment05.pdb
c:\users\kevin ho\documents\cs450 homework\cs_450_548_assign05_files\build\assignment05.dir\debug\assignment05.tlog\cl.command.1.tlog
c:\users\kevin ho\documents\cs450 homework\cs_450_548_assign05_files\build\assignment05.dir\debug\assignment05.tlog\cl.read.1.tlog
c:\users\kevin ho\documents\cs450 homework\cs_450_548_assign05_files\build\assignment05.dir\debug\assignment05.tlog\cl.write.1.tlog
c:\users\kevin ho\documents\cs450 homework\cs_450_548_assign05_files\build\assignment05.dir\debug\assignment05.tlog\custombuild.command.1.tlog
c:\users\kevin ho\documents\cs450 homework\cs_450_548_assign05_files\build\assignment05.dir\debug\assignment05.tlog\custombuild.read.1.tlog
c:\users\kevin ho\documents\cs450 homework\cs_450_548_assign05_files\build\assignment05.dir\debug\assignment05.tlog\custombuild.write.1.tlog
c:\users\kevin ho\documents\cs450 homework\cs_450_548_assign05_files\build\assignment05.dir\debug\assignment05.tlog\link.command.1.tlog
c:\users\kevin ho\documents\cs450 homework\cs_450_548_assign05_files\build\assignment05.dir\debug\assignment05.tlog\link.read.1.tlog
c:\users\kevin ho\documents\cs450 homework\cs_450_548_assign05_files\build\assignment05.dir\debug\assignment05.tlog\link.write.1.tlog
